::1 - - [02/Oct/2021:15:50:20 +0000] "GET / HTTP/1.1" 200 2781 "http://localhost:8000/users/sign-in" "Mozilla/5.0 (Macintosh; Intel Mac OS X 10_15_7) AppleWebKit/537.36 (KHTML, like Gecko) Chrome/94.0.4606.61 Safari/537.36"
::1 - - [02/Oct/2021:23:01:20 +0000] "GET / HTTP/1.1" 200 2792 "http://localhost:8000/users/sign-in" "Mozilla/5.0 (Macintosh; Intel Mac OS X 10_15_7) AppleWebKit/537.36 (KHTML, like Gecko) Chrome/94.0.4606.61 Safari/537.36"
::1 - - [02/Oct/2021:23:01:20 +0000] "GET /css/chat_box.css HTTP/1.1" 404 155 "http://localhost:8000/" "Mozilla/5.0 (Macintosh; Intel Mac OS X 10_15_7) AppleWebKit/537.36 (KHTML, like Gecko) Chrome/94.0.4606.61 Safari/537.36"
::1 - - [02/Oct/2021:23:01:20 +0000] "GET /css/header.css HTTP/1.1" 404 153 "http://localhost:8000/" "Mozilla/5.0 (Macintosh; Intel Mac OS X 10_15_7) AppleWebKit/537.36 (KHTML, like Gecko) Chrome/94.0.4606.61 Safari/537.36"
::1 - - [02/Oct/2021:23:01:20 +0000] "GET /js/home_post_comments.js HTTP/1.1" 404 163 "http://localhost:8000/" "Mozilla/5.0 (Macintosh; Intel Mac OS X 10_15_7) AppleWebKit/537.36 (KHTML, like Gecko) Chrome/94.0.4606.61 Safari/537.36"
::1 - - [02/Oct/2021:23:01:20 +0000] "GET /css/home.css HTTP/1.1" 404 151 "http://localhost:8000/" "Mozilla/5.0 (Macintosh; Intel Mac OS X 10_15_7) AppleWebKit/537.36 (KHTML, like Gecko) Chrome/94.0.4606.61 Safari/537.36"
::1 - - [02/Oct/2021:23:01:20 +0000] "GET /js/home_posts.js HTTP/1.1" 404 155 "http://localhost:8000/" "Mozilla/5.0 (Macintosh; Intel Mac OS X 10_15_7) AppleWebKit/537.36 (KHTML, like Gecko) Chrome/94.0.4606.61 Safari/537.36"
::1 - - [02/Oct/2021:23:01:20 +0000] "GET /css/footer.css HTTP/1.1" 404 153 "http://localhost:8000/" "Mozilla/5.0 (Macintosh; Intel Mac OS X 10_15_7) AppleWebKit/537.36 (KHTML, like Gecko) Chrome/94.0.4606.61 Safari/537.36"
::1 - - [02/Oct/2021:23:01:20 +0000] "GET /js/chat_engine.js HTTP/1.1" 404 156 "http://localhost:8000/" "Mozilla/5.0 (Macintosh; Intel Mac OS X 10_15_7) AppleWebKit/537.36 (KHTML, like Gecko) Chrome/94.0.4606.61 Safari/537.36"
::1 - - [02/Oct/2021:23:01:20 +0000] "GET /js/toggle_likes.js HTTP/1.1" 404 157 "http://localhost:8000/" "Mozilla/5.0 (Macintosh; Intel Mac OS X 10_15_7) AppleWebKit/537.36 (KHTML, like Gecko) Chrome/94.0.4606.61 Safari/537.36"
::1 - - [02/Oct/2021:23:01:20 +0000] "GET /js/home_posts.js HTTP/1.1" 404 155 "http://localhost:8000/" "Mozilla/5.0 (Macintosh; Intel Mac OS X 10_15_7) AppleWebKit/537.36 (KHTML, like Gecko) Chrome/94.0.4606.61 Safari/537.36"
::1 - - [02/Oct/2021:23:01:20 +0000] "GET /js/toggle_likes.js HTTP/1.1" 404 157 "http://localhost:8000/" "Mozilla/5.0 (Macintosh; Intel Mac OS X 10_15_7) AppleWebKit/537.36 (KHTML, like Gecko) Chrome/94.0.4606.61 Safari/537.36"
::1 - - [02/Oct/2021:23:01:20 +0000] "GET /js/chat_engine.js HTTP/1.1" 404 156 "http://localhost:8000/" "Mozilla/5.0 (Macintosh; Intel Mac OS X 10_15_7) AppleWebKit/537.36 (KHTML, like Gecko) Chrome/94.0.4606.61 Safari/537.36"
::1 - - [02/Oct/2021:23:10:28 +0000] "GET / HTTP/1.1" 304 - "http://localhost:8000/users/sign-in" "Mozilla/5.0 (Macintosh; Intel Mac OS X 10_15_7) AppleWebKit/537.36 (KHTML, like Gecko) Chrome/94.0.4606.61 Safari/537.36"
::1 - - [02/Oct/2021:23:10:28 +0000] "GET /css/header.css HTTP/1.1" 404 153 "http://localhost:8000/" "Mozilla/5.0 (Macintosh; Intel Mac OS X 10_15_7) AppleWebKit/537.36 (KHTML, like Gecko) Chrome/94.0.4606.61 Safari/537.36"
::1 - - [02/Oct/2021:23:10:28 +0000] "GET /css/chat_box.css HTTP/1.1" 404 155 "http://localhost:8000/" "Mozilla/5.0 (Macintosh; Intel Mac OS X 10_15_7) AppleWebKit/537.36 (KHTML, like Gecko) Chrome/94.0.4606.61 Safari/537.36"
::1 - - [02/Oct/2021:23:10:28 +0000] "GET /js/home_posts.js HTTP/1.1" 404 155 "http://localhost:8000/" "Mozilla/5.0 (Macintosh; Intel Mac OS X 10_15_7) AppleWebKit/537.36 (KHTML, like Gecko) Chrome/94.0.4606.61 Safari/537.36"
::1 - - [02/Oct/2021:23:10:28 +0000] "GET /js/home_post_comments.js HTTP/1.1" 404 163 "http://localhost:8000/" "Mozilla/5.0 (Macintosh; Intel Mac OS X 10_15_7) AppleWebKit/537.36 (KHTML, like Gecko) Chrome/94.0.4606.61 Safari/537.36"
::1 - - [02/Oct/2021:23:10:28 +0000] "GET /css/home.css HTTP/1.1" 404 151 "http://localhost:8000/" "Mozilla/5.0 (Macintosh; Intel Mac OS X 10_15_7) AppleWebKit/537.36 (KHTML, like Gecko) Chrome/94.0.4606.61 Safari/537.36"
::1 - - [02/Oct/2021:23:10:28 +0000] "GET /js/toggle_likes.js HTTP/1.1" 404 157 "http://localhost:8000/" "Mozilla/5.0 (Macintosh; Intel Mac OS X 10_15_7) AppleWebKit/537.36 (KHTML, like Gecko) Chrome/94.0.4606.61 Safari/537.36"
::1 - - [02/Oct/2021:23:10:28 +0000] "GET /css/footer.css HTTP/1.1" 404 153 "http://localhost:8000/" "Mozilla/5.0 (Macintosh; Intel Mac OS X 10_15_7) AppleWebKit/537.36 (KHTML, like Gecko) Chrome/94.0.4606.61 Safari/537.36"
::1 - - [02/Oct/2021:23:10:28 +0000] "GET /css/header.css HTTP/1.1" 404 153 "http://localhost:8000/" "Mozilla/5.0 (Macintosh; Intel Mac OS X 10_15_7) AppleWebKit/537.36 (KHTML, like Gecko) Chrome/94.0.4606.61 Safari/537.36"
::1 - - [02/Oct/2021:23:10:28 +0000] "GET /js/home_posts.js HTTP/1.1" 404 155 "http://localhost:8000/" "Mozilla/5.0 (Macintosh; Intel Mac OS X 10_15_7) AppleWebKit/537.36 (KHTML, like Gecko) Chrome/94.0.4606.61 Safari/537.36"
::1 - - [02/Oct/2021:23:10:28 +0000] "GET /js/chat_engine.js HTTP/1.1" 404 156 "http://localhost:8000/" "Mozilla/5.0 (Macintosh; Intel Mac OS X 10_15_7) AppleWebKit/537.36 (KHTML, like Gecko) Chrome/94.0.4606.61 Safari/537.36"
::1 - - [02/Oct/2021:23:10:28 +0000] "GET /js/toggle_likes.js HTTP/1.1" 404 157 "http://localhost:8000/" "Mozilla/5.0 (Macintosh; Intel Mac OS X 10_15_7) AppleWebKit/537.36 (KHTML, like Gecko) Chrome/94.0.4606.61 Safari/537.36"
::1 - - [02/Oct/2021:23:10:28 +0000] "GET /js/chat_engine.js HTTP/1.1" 404 156 "http://localhost:8000/" "Mozilla/5.0 (Macintosh; Intel Mac OS X 10_15_7) AppleWebKit/537.36 (KHTML, like Gecko) Chrome/94.0.4606.61 Safari/537.36"
::1 - - [03/Oct/2021:00:21:13 +0000] "GET / HTTP/1.1" 200 2869 "http://localhost:8000/users/sign-in" "Mozilla/5.0 (Macintosh; Intel Mac OS X 10_15_7) AppleWebKit/537.36 (KHTML, like Gecko) Chrome/94.0.4606.61 Safari/537.36"
::1 - - [03/Oct/2021:00:21:13 +0000] "GET /js/toggle_likes.js HTTP/1.1" 404 157 "http://localhost:8000/" "Mozilla/5.0 (Macintosh; Intel Mac OS X 10_15_7) AppleWebKit/537.36 (KHTML, like Gecko) Chrome/94.0.4606.61 Safari/537.36"
::1 - - [03/Oct/2021:00:21:13 +0000] "GET /js/toggle_likes.js HTTP/1.1" 404 157 "http://localhost:8000/" "Mozilla/5.0 (Macintosh; Intel Mac OS X 10_15_7) AppleWebKit/537.36 (KHTML, like Gecko) Chrome/94.0.4606.61 Safari/537.36"
::1 - - [03/Oct/2021:03:20:48 +0000] "GET / HTTP/1.1" 304 - "http://localhost:8000/users/sign-in" "Mozilla/5.0 (Macintosh; Intel Mac OS X 10_15_7) AppleWebKit/537.36 (KHTML, like Gecko) Chrome/94.0.4606.61 Safari/537.36"
::1 - - [03/Oct/2021:03:20:48 +0000] "GET /js/toggle_likes.js HTTP/1.1" 404 157 "http://localhost:8000/" "Mozilla/5.0 (Macintosh; Intel Mac OS X 10_15_7) AppleWebKit/537.36 (KHTML, like Gecko) Chrome/94.0.4606.61 Safari/537.36"
::1 - - [03/Oct/2021:12:57:43 +0000] "GET /users/sign-in HTTP/1.1" 200 2001 "http://localhost:8000/" "Mozilla/5.0 (Macintosh; Intel Mac OS X 10_15_7) AppleWebKit/537.36 (KHTML, like Gecko) Chrome/94.0.4606.61 Safari/537.36"
::1 - - [03/Oct/2021:12:57:51 +0000] "POST /users/create-session HTTP/1.1" 302 46 "http://localhost:8000/users/sign-in" "Mozilla/5.0 (Macintosh; Intel Mac OS X 10_15_7) AppleWebKit/537.36 (KHTML, like Gecko) Chrome/94.0.4606.61 Safari/537.36"
::1 - - [03/Oct/2021:12:57:51 +0000] "GET / HTTP/1.1" 200 4011 "http://localhost:8000/users/sign-in" "Mozilla/5.0 (Macintosh; Intel Mac OS X 10_15_7) AppleWebKit/537.36 (KHTML, like Gecko) Chrome/94.0.4606.61 Safari/537.36"
::1 - - [03/Oct/2021:12:57:51 +0000] "GET /js/toggle_likes.js HTTP/1.1" 404 157 "http://localhost:8000/" "Mozilla/5.0 (Macintosh; Intel Mac OS X 10_15_7) AppleWebKit/537.36 (KHTML, like Gecko) Chrome/94.0.4606.61 Safari/537.36"
::1 - - [03/Oct/2021:12:58:05 +0000] "POST /posts/create HTTP/1.1" 200 242 "http://localhost:8000/" "Mozilla/5.0 (Macintosh; Intel Mac OS X 10_15_7) AppleWebKit/537.36 (KHTML, like Gecko) Chrome/94.0.4606.61 Safari/537.36"
::1 - - [03/Oct/2021:12:58:10 +0000] "GET /posts/destroy/6159a8ddaebc43e78e96794e HTTP/1.1" 200 72 "http://localhost:8000/" "Mozilla/5.0 (Macintosh; Intel Mac OS X 10_15_7) AppleWebKit/537.36 (KHTML, like Gecko) Chrome/94.0.4606.61 Safari/537.36"
::1 - - [03/Oct/2021:16:05:52 +0000] "POST /posts/create HTTP/1.1" 302 36 "http://localhost:8000/" "Mozilla/5.0 (Macintosh; Intel Mac OS X 10_15_7) AppleWebKit/537.36 (KHTML, like Gecko) Chrome/94.0.4606.61 Safari/537.36"
::1 - - [03/Oct/2021:16:05:52 +0000] "GET /users/sign-in HTTP/1.1" 304 - "http://localhost:8000/" "Mozilla/5.0 (Macintosh; Intel Mac OS X 10_15_7) AppleWebKit/537.36 (KHTML, like Gecko) Chrome/94.0.4606.61 Safari/537.36"
::1 - - [03/Oct/2021:16:05:53 +0000] "POST /posts/create HTTP/1.1" 302 36 "http://localhost:8000/" "Mozilla/5.0 (Macintosh; Intel Mac OS X 10_15_7) AppleWebKit/537.36 (KHTML, like Gecko) Chrome/94.0.4606.61 Safari/537.36"
::1 - - [03/Oct/2021:16:05:53 +0000] "GET /users/sign-in HTTP/1.1" 304 - "http://localhost:8000/" "Mozilla/5.0 (Macintosh; Intel Mac OS X 10_15_7) AppleWebKit/537.36 (KHTML, like Gecko) Chrome/94.0.4606.61 Safari/537.36"
::1 - - [03/Oct/2021:16:05:54 +0000] "GET / HTTP/1.1" 200 2869 "http://localhost:8000/users/sign-in" "Mozilla/5.0 (Macintosh; Intel Mac OS X 10_15_7) AppleWebKit/537.36 (KHTML, like Gecko) Chrome/94.0.4606.61 Safari/537.36"
::1 - - [03/Oct/2021:16:05:54 +0000] "GET /js/toggle_likes.js HTTP/1.1" 404 157 "http://localhost:8000/" "Mozilla/5.0 (Macintosh; Intel Mac OS X 10_15_7) AppleWebKit/537.36 (KHTML, like Gecko) Chrome/94.0.4606.61 Safari/537.36"
::1 - - [03/Oct/2021:16:05:54 +0000] "GET /js/toggle_likes.js HTTP/1.1" 404 157 "http://localhost:8000/" "Mozilla/5.0 (Macintosh; Intel Mac OS X 10_15_7) AppleWebKit/537.36 (KHTML, like Gecko) Chrome/94.0.4606.61 Safari/537.36"
